[2025-04-07 04:46:08] Début de update_bmc_block.php
[2025-04-07 04:46:08] Utilisateur connecté : 7
[2025-04-07 04:46:08] Données reçues - project_id: 121, block_name: Proposition de valeur, content: Une application mobile facile à utiliser qui offre des fonctionnalités utiles et innovantes, capables de résoudre les problèmes de nos utilisateurs de manière efficace et agréable.
[2025-04-07 04:46:08] Projet vérifié - appartient à l'utilisateur : 7
[2025-04-07 04:46:08] Requête UPDATE exécutée - Lignes affectées : 0
[2025-04-07 04:46:08] Erreur : Aucune modification effectuée ou bloc non trouvé - block_name: Proposition de valeur
[2025-04-07 04:46:08] Fin de update_bmc_block.php - Réponse : {"success":false,"message":"Aucune modification effectu\u00e9e ou bloc non trouv\u00e9."}
[2025-04-07 04:46:09] Début de update_bmc_block.php
[2025-04-07 04:46:09] Utilisateur connecté : 7
[2025-04-07 04:46:09] Données reçues - project_id: 121, block_name: Proposition de valeur, content: Une application mobile facile à utiliser qui offre des fonctionnalités utiles et innovantes, capables de résoudre les problèmes de nos utilisateurs de manière efficace et agréable.
[2025-04-07 04:46:09] Projet vérifié - appartient à l'utilisateur : 7
[2025-04-07 04:46:09] Requête UPDATE exécutée - Lignes affectées : 0
[2025-04-07 04:46:09] Erreur : Aucune modification effectuée ou bloc non trouvé - block_name: Proposition de valeur
[2025-04-07 04:46:09] Fin de update_bmc_block.php - Réponse : {"success":false,"message":"Aucune modification effectu\u00e9e ou bloc non trouv\u00e9."}
[2025-04-07 04:46:09] Début de update_bmc_block.php
[2025-04-07 04:46:09] Utilisateur connecté : 7
[2025-04-07 04:46:09] Données reçues - project_id: 121, block_name: Proposition de valeur, content: Une application mobile facile à utiliser qui offre des fonctionnalités utiles et innovantes, capables de résoudre les problèmes de nos utilisateurs de manière efficace et agréable.
[2025-04-07 04:46:09] Projet vérifié - appartient à l'utilisateur : 7
[2025-04-07 04:46:09] Requête UPDATE exécutée - Lignes affectées : 0
[2025-04-07 04:46:09] Erreur : Aucune modification effectuée ou bloc non trouvé - block_name: Proposition de valeur
[2025-04-07 04:46:09] Fin de update_bmc_block.php - Réponse : {"success":false,"message":"Aucune modification effectu\u00e9e ou bloc non trouv\u00e9."}
[2025-04-07 04:49:34] Début de update_bmc_block.php
[2025-04-07 04:49:34] Utilisateur connecté : 7
[2025-04-07 04:49:34] Données reçues - project_id: 124, block_name: Segments de clientèle, content: Les amateurs de cuisine, les personnes cherchant à apprendre à cuisiner, les chefs de cuisine professionnels recherchant de nouvelles recettes, les personnes qui ont des restrictions alimentaires spécifiques (végétarien, sans gluten, etc.).
[2025-04-07 04:49:34] Projet vérifié - appartient à l'utilisateur : 7
[2025-04-07 04:49:34] Requête UPDATE exécutée - Lignes affectées : 0
[2025-04-07 04:49:34] Erreur : Aucune modification effectuée ou bloc non trouvé - block_name: Segments de clientèle
[2025-04-07 04:49:34] Fin de update_bmc_block.php - Réponse : {"success":false,"message":"Aucune modification effectu\u00e9e ou bloc non trouv\u00e9."}
[2025-04-07 04:49:35] Début de update_bmc_block.php
[2025-04-07 04:49:35] Utilisateur connecté : 7
[2025-04-07 04:49:35] Données reçues - project_id: 124, block_name: Segments de clientèle, content: Les amateurs de cuisine, les personnes cherchant à apprendre à cuisiner, les chefs de cuisine professionnels recherchant de nouvelles recettes, les personnes qui ont des restrictions alimentaires spécifiques (végétarien, sans gluten, etc.).
[2025-04-07 04:49:35] Projet vérifié - appartient à l'utilisateur : 7
[2025-04-07 04:49:35] Requête UPDATE exécutée - Lignes affectées : 0
[2025-04-07 04:49:35] Erreur : Aucune modification effectuée ou bloc non trouvé - block_name: Segments de clientèle
[2025-04-07 04:49:35] Fin de update_bmc_block.php - Réponse : {"success":false,"message":"Aucune modification effectu\u00e9e ou bloc non trouv\u00e9."}
[2025-04-07 04:49:35] Début de update_bmc_block.php
[2025-04-07 04:49:35] Utilisateur connecté : 7
[2025-04-07 04:49:35] Données reçues - project_id: 124, block_name: Segments de clientèle, content: Les amateurs de cuisine, les personnes cherchant à apprendre à cuisiner, les chefs de cuisine professionnels recherchant de nouvelles recettes, les personnes qui ont des restrictions alimentaires spécifiques (végétarien, sans gluten, etc.).
[2025-04-07 04:49:35] Projet vérifié - appartient à l'utilisateur : 7
[2025-04-07 04:49:35] Requête UPDATE exécutée - Lignes affectées : 0
[2025-04-07 04:49:35] Erreur : Aucune modification effectuée ou bloc non trouvé - block_name: Segments de clientèle
[2025-04-07 04:49:35] Fin de update_bmc_block.php - Réponse : {"success":false,"message":"Aucune modification effectu\u00e9e ou bloc non trouv\u00e9."}
[2025-04-07 04:49:43] Début de update_bmc_block.php
[2025-04-07 04:49:43] Utilisateur connecté : 7
[2025-04-07 04:49:43] Données reçues - project_id: 124, block_name: Segments de clientèle, content: Les amateurs de cuisine, les personnes cherchant à apprendre à cuisiner, les chefs de cuisine professionnels recherchant de nouvelles recettes, les personnes qui ont des restrictions alimentaires spécifiques
[2025-04-07 04:49:43] Projet vérifié - appartient à l'utilisateur : 7
[2025-04-07 04:49:43] Requête UPDATE exécutée - Lignes affectées : 1
[2025-04-07 04:49:43] Succès : Bloc mis à jour - block_name: Segments de clientèle
[2025-04-07 04:49:43] Fin de update_bmc_block.php - Réponse : {"success":true,"message":"Bloc mis \u00e0 jour avec succ\u00e8s."}
[2025-04-07 04:49:43] Début de update_bmc_block.php
[2025-04-07 04:49:43] Utilisateur connecté : 7
[2025-04-07 04:49:43] Données reçues - project_id: 124, block_name: Segments de clientèle, content: Les amateurs de cuisine, les personnes cherchant à apprendre à cuisiner, les chefs de cuisine professionnels recherchant de nouvelles recettes, les personnes qui ont des restrictions alimentaires spécifiques
[2025-04-07 04:49:43] Projet vérifié - appartient à l'utilisateur : 7
[2025-04-07 04:49:43] Requête UPDATE exécutée - Lignes affectées : 0
[2025-04-07 04:49:43] Erreur : Aucune modification effectuée ou bloc non trouvé - block_name: Segments de clientèle
[2025-04-07 04:49:43] Fin de update_bmc_block.php - Réponse : {"success":false,"message":"Aucune modification effectu\u00e9e ou bloc non trouv\u00e9."}
[2025-04-07 04:49:43] Début de update_bmc_block.php
[2025-04-07 04:49:43] Utilisateur connecté : 7
[2025-04-07 04:49:43] Données reçues - project_id: 124, block_name: Segments de clientèle, content: Les amateurs de cuisine, les personnes cherchant à apprendre à cuisiner, les chefs de cuisine professionnels recherchant de nouvelles recettes, les personnes qui ont des restrictions alimentaires spécifiques
[2025-04-07 04:49:43] Projet vérifié - appartient à l'utilisateur : 7
[2025-04-07 04:49:43] Requête UPDATE exécutée - Lignes affectées : 0
[2025-04-07 04:49:43] Erreur : Aucune modification effectuée ou bloc non trouvé - block_name: Segments de clientèle
[2025-04-07 04:49:43] Fin de update_bmc_block.php - Réponse : {"success":false,"message":"Aucune modification effectu\u00e9e ou bloc non trouv\u00e9."}
[2025-04-07 04:49:43] Début de update_bmc_block.php
[2025-04-07 04:49:43] Utilisateur connecté : 7
[2025-04-07 04:49:43] Données reçues - project_id: 124, block_name: Segments de clientèle, content: Les amateurs de cuisine, les personnes cherchant à apprendre à cuisiner, les chefs de cuisine professionnels recherchant de nouvelles recettes, les personnes qui ont des restrictions alimentaires spécifiques
[2025-04-07 04:49:43] Projet vérifié - appartient à l'utilisateur : 7
[2025-04-07 04:49:43] Requête UPDATE exécutée - Lignes affectées : 0
[2025-04-07 04:49:43] Erreur : Aucune modification effectuée ou bloc non trouvé - block_name: Segments de clientèle
[2025-04-07 04:49:43] Fin de update_bmc_block.php - Réponse : {"success":false,"message":"Aucune modification effectu\u00e9e ou bloc non trouv\u00e9."}
[2025-04-07 04:49:44] Début de update_bmc_block.php
[2025-04-07 04:49:44] Utilisateur connecté : 7
[2025-04-07 04:49:44] Données reçues - project_id: 124, block_name: Segments de clientèle, content: Les amateurs de cuisine, les personnes cherchant à apprendre à cuisiner, les chefs de cuisine professionnels recherchant de nouvelles recettes, les personnes qui ont des restrictions alimentaires spécifiques
[2025-04-07 04:49:44] Projet vérifié - appartient à l'utilisateur : 7
[2025-04-07 04:49:44] Requête UPDATE exécutée - Lignes affectées : 0
[2025-04-07 04:49:44] Erreur : Aucune modification effectuée ou bloc non trouvé - block_name: Segments de clientèle
[2025-04-07 04:49:44] Fin de update_bmc_block.php - Réponse : {"success":false,"message":"Aucune modification effectu\u00e9e ou bloc non trouv\u00e9."}
[2025-04-07 04:49:44] Début de update_bmc_block.php
[2025-04-07 04:49:44] Utilisateur connecté : 7
[2025-04-07 04:49:44] Données reçues - project_id: 124, block_name: Segments de clientèle, content: Les amateurs de cuisine, les personnes cherchant à apprendre à cuisiner, les chefs de cuisine professionnels recherchant de nouvelles recettes, les personnes qui ont des restrictions alimentaires spécifiques
[2025-04-07 04:49:44] Projet vérifié - appartient à l'utilisateur : 7
[2025-04-07 04:49:44] Requête UPDATE exécutée - Lignes affectées : 0
[2025-04-07 04:49:44] Erreur : Aucune modification effectuée ou bloc non trouvé - block_name: Segments de clientèle
[2025-04-07 04:49:44] Fin de update_bmc_block.php - Réponse : {"success":false,"message":"Aucune modification effectu\u00e9e ou bloc non trouv\u00e9."}
[2025-04-07 04:49:46] Début de update_bmc_block.php
[2025-04-07 04:49:46] Utilisateur connecté : 7
[2025-04-07 04:49:46] Données reçues - project_id: 124, block_name: Segments de clientèle, content: Les amateurs de cuisine, les personnes cherchant à apprendre à cuisiner, les chefs de cuisine professionnels recherchant de nouvelles recettes, les personnes qui ont des restrictions alimentaires spécifiques
[2025-04-07 04:49:46] Projet vérifié - appartient à l'utilisateur : 7
[2025-04-07 04:49:46] Requête UPDATE exécutée - Lignes affectées : 0
[2025-04-07 04:49:46] Erreur : Aucune modification effectuée ou bloc non trouvé - block_name: Segments de clientèle
[2025-04-07 04:49:46] Fin de update_bmc_block.php - Réponse : {"success":false,"message":"Aucune modification effectu\u00e9e ou bloc non trouv\u00e9."}
[2025-04-07 04:49:47] Début de update_bmc_block.php
[2025-04-07 04:49:47] Utilisateur connecté : 7
[2025-04-07 04:49:47] Données reçues - project_id: 124, block_name: Segments de clientèle, content: Les amateurs de cuisine, les personnes cherchant à apprendre à cuisiner, les chefs de cuisine professionnels recherchant de nouvelles recettes, les personnes qui ont des restrictions alimentaires spécifiques
[2025-04-07 04:49:47] Projet vérifié - appartient à l'utilisateur : 7
[2025-04-07 04:49:47] Requête UPDATE exécutée - Lignes affectées : 0
[2025-04-07 04:49:47] Erreur : Aucune modification effectuée ou bloc non trouvé - block_name: Segments de clientèle
[2025-04-07 04:49:47] Fin de update_bmc_block.php - Réponse : {"success":false,"message":"Aucune modification effectu\u00e9e ou bloc non trouv\u00e9."}
[2025-04-07 04:49:47] Début de update_bmc_block.php
[2025-04-07 04:49:47] Utilisateur connecté : 7
[2025-04-07 04:49:47] Données reçues - project_id: 124, block_name: Segments de clientèle, content: Les amateurs de cuisine, les personnes cherchant à apprendre à cuisiner, les chefs de cuisine professionnels recherchant de nouvelles recettes, les personnes qui ont des restrictions alimentaires spécifiques
[2025-04-07 04:49:47] Projet vérifié - appartient à l'utilisateur : 7
[2025-04-07 04:49:47] Requête UPDATE exécutée - Lignes affectées : 0
[2025-04-07 04:49:47] Erreur : Aucune modification effectuée ou bloc non trouvé - block_name: Segments de clientèle
[2025-04-07 04:49:47] Fin de update_bmc_block.php - Réponse : {"success":false,"message":"Aucune modification effectu\u00e9e ou bloc non trouv\u00e9."}
[2025-04-07 04:49:47] Début de update_bmc_block.php
[2025-04-07 04:49:47] Utilisateur connecté : 7
[2025-04-07 04:49:47] Données reçues - project_id: 124, block_name: Segments de clientèle, content: Les amateurs de cuisine, les personnes cherchant à apprendre à cuisiner, les chefs de cuisine professionnels recherchant de nouvelles recettes, les personnes qui ont des restrictions alimentaires spécifiques
[2025-04-07 04:49:47] Projet vérifié - appartient à l'utilisateur : 7
[2025-04-07 04:49:47] Requête UPDATE exécutée - Lignes affectées : 0
[2025-04-07 04:49:47] Erreur : Aucune modification effectuée ou bloc non trouvé - block_name: Segments de clientèle
[2025-04-07 04:49:47] Fin de update_bmc_block.php - Réponse : {"success":false,"message":"Aucune modification effectu\u00e9e ou bloc non trouv\u00e9."}
[2025-04-07 04:49:48] Début de update_bmc_block.php
[2025-04-07 04:49:48] Utilisateur connecté : 7
[2025-04-07 04:49:48] Données reçues - project_id: 124, block_name: Segments de clientèle, content: Les amateurs de cuisine, les personnes cherchant à apprendre à cuisiner, les chefs de cuisine professionnels recherchant de nouvelles recettes, les personnes qui ont des restrictions alimentaires spécifiques
[2025-04-07 04:49:48] Projet vérifié - appartient à l'utilisateur : 7
[2025-04-07 04:49:48] Requête UPDATE exécutée - Lignes affectées : 0
[2025-04-07 04:49:48] Erreur : Aucune modification effectuée ou bloc non trouvé - block_name: Segments de clientèle
[2025-04-07 04:49:48] Fin de update_bmc_block.php - Réponse : {"success":false,"message":"Aucune modification effectu\u00e9e ou bloc non trouv\u00e9."}
[2025-04-07 04:49:48] Début de update_bmc_block.php
[2025-04-07 04:49:48] Utilisateur connecté : 7
[2025-04-07 04:49:48] Données reçues - project_id: 124, block_name: Segments de clientèle, content: Les amateurs de cuisine, les personnes cherchant à apprendre à cuisiner, les chefs de cuisine professionnels recherchant de nouvelles recettes, les personnes qui ont des restrictions alimentaires spécifiques
[2025-04-07 04:49:48] Projet vérifié - appartient à l'utilisateur : 7
[2025-04-07 04:49:48] Requête UPDATE exécutée - Lignes affectées : 0
[2025-04-07 04:49:48] Erreur : Aucune modification effectuée ou bloc non trouvé - block_name: Segments de clientèle
[2025-04-07 04:49:48] Fin de update_bmc_block.php - Réponse : {"success":false,"message":"Aucune modification effectu\u00e9e ou bloc non trouv\u00e9."}
[2025-04-07 04:49:48] Début de update_bmc_block.php
[2025-04-07 04:49:48] Utilisateur connecté : 7
[2025-04-07 04:49:48] Données reçues - project_id: 124, block_name: Segments de clientèle, content: Les amateurs de cuisine, les personnes cherchant à apprendre à cuisiner, les chefs de cuisine professionnels recherchant de nouvelles recettes, les personnes qui ont des restrictions alimentaires spécifiques
[2025-04-07 04:49:48] Projet vérifié - appartient à l'utilisateur : 7
[2025-04-07 04:49:48] Requête UPDATE exécutée - Lignes affectées : 0
[2025-04-07 04:49:48] Erreur : Aucune modification effectuée ou bloc non trouvé - block_name: Segments de clientèle
[2025-04-07 04:49:48] Fin de update_bmc_block.php - Réponse : {"success":false,"message":"Aucune modification effectu\u00e9e ou bloc non trouv\u00e9."}
[2025-04-07 04:49:48] Début de update_bmc_block.php
[2025-04-07 04:49:48] Utilisateur connecté : 7
[2025-04-07 04:49:48] Données reçues - project_id: 124, block_name: Segments de clientèle, content: Les amateurs de cuisine, les personnes cherchant à apprendre à cuisiner, les chefs de cuisine professionnels recherchant de nouvelles recettes, les personnes qui ont des restrictions alimentaires spécifiques
[2025-04-07 04:49:48] Projet vérifié - appartient à l'utilisateur : 7
[2025-04-07 04:49:48] Requête UPDATE exécutée - Lignes affectées : 0
[2025-04-07 04:49:48] Erreur : Aucune modification effectuée ou bloc non trouvé - block_name: Segments de clientèle
[2025-04-07 04:49:48] Fin de update_bmc_block.php - Réponse : {"success":false,"message":"Aucune modification effectu\u00e9e ou bloc non trouv\u00e9."}
[2025-04-07 04:49:49] Début de update_bmc_block.php
[2025-04-07 04:49:49] Utilisateur connecté : 7
[2025-04-07 04:49:49] Données reçues - project_id: 124, block_name: Segments de clientèle, content: Les amateurs de cuisine, les personnes cherchant à apprendre à cuisiner, les chefs de cuisine professionnels recherchant de nouvelles recettes, les personnes qui ont des restrictions alimentaires spécifiques
[2025-04-07 04:49:49] Projet vérifié - appartient à l'utilisateur : 7
[2025-04-07 04:49:49] Requête UPDATE exécutée - Lignes affectées : 0
[2025-04-07 04:49:49] Erreur : Aucune modification effectuée ou bloc non trouvé - block_name: Segments de clientèle
[2025-04-07 04:49:49] Fin de update_bmc_block.php - Réponse : {"success":false,"message":"Aucune modification effectu\u00e9e ou bloc non trouv\u00e9."}
[2025-04-07 04:49:49] Début de update_bmc_block.php
[2025-04-07 04:49:49] Utilisateur connecté : 7
[2025-04-07 04:49:49] Données reçues - project_id: 124, block_name: Segments de clientèle, content: Les amateurs de cuisine, les personnes cherchant à apprendre à cuisiner, les chefs de cuisine professionnels recherchant de nouvelles recettes, les personnes qui ont des restrictions alimentaires spécifiques
[2025-04-07 04:49:49] Projet vérifié - appartient à l'utilisateur : 7
[2025-04-07 04:49:49] Requête UPDATE exécutée - Lignes affectées : 0
[2025-04-07 04:49:49] Erreur : Aucune modification effectuée ou bloc non trouvé - block_name: Segments de clientèle
[2025-04-07 04:49:49] Fin de update_bmc_block.php - Réponse : {"success":false,"message":"Aucune modification effectu\u00e9e ou bloc non trouv\u00e9."}
[2025-04-07 04:49:52] Début de update_bmc_block.php
[2025-04-07 04:49:52] Utilisateur connecté : 7
[2025-04-07 04:49:52] Données reçues - project_id: 124, block_name: Segments de clientèle, content: Les amateurs de cuisine, les personnes cherchant à apprendre à cuisiner, les chefs de cuisine professionnels recherchant de nouvelles recettes, les personnes qui ont des restrictions alimentaires spécifiques
[2025-04-07 04:49:52] Projet vérifié - appartient à l'utilisateur : 7
[2025-04-07 04:49:52] Requête UPDATE exécutée - Lignes affectées : 0
[2025-04-07 04:49:52] Erreur : Aucune modification effectuée ou bloc non trouvé - block_name: Segments de clientèle
[2025-04-07 04:49:52] Fin de update_bmc_block.php - Réponse : {"success":false,"message":"Aucune modification effectu\u00e9e ou bloc non trouv\u00e9."}
[2025-04-07 04:49:56] Début de update_bmc_block.php
[2025-04-07 04:49:56] Utilisateur connecté : 7
[2025-04-07 04:49:56] Données reçues - project_id: 124, block_name: Segments de clientèle, content: Les amateurs de cuisine, les personnes cherchant à apprendre à cuisiner, les chefs de cuisine professionnels recherchant de nouvelles recettes, les personnes qui ont des restrictions alimentaires spécifiques
[2025-04-07 04:49:56] Projet vérifié - appartient à l'utilisateur : 7
[2025-04-07 04:49:56] Requête UPDATE exécutée - Lignes affectées : 0
[2025-04-07 04:49:56] Erreur : Aucune modification effectuée ou bloc non trouvé - block_name: Segments de clientèle
[2025-04-07 04:49:56] Fin de update_bmc_block.php - Réponse : {"success":false,"message":"Aucune modification effectu\u00e9e ou bloc non trouv\u00e9."}
[2025-04-07 04:49:57] Début de update_bmc_block.php
[2025-04-07 04:49:57] Utilisateur connecté : 7
[2025-04-07 04:49:57] Données reçues - project_id: 124, block_name: Segments de clientèle, content: Les amateurs de cuisine, les personnes cherchant à apprendre à cuisiner, les chefs de cuisine professionnels recherchant de nouvelles recettes, les personnes qui ont des restrictions alimentaires spécifiques
[2025-04-07 04:49:57] Projet vérifié - appartient à l'utilisateur : 7
[2025-04-07 04:49:57] Requête UPDATE exécutée - Lignes affectées : 0
[2025-04-07 04:49:57] Erreur : Aucune modification effectuée ou bloc non trouvé - block_name: Segments de clientèle
[2025-04-07 04:49:57] Fin de update_bmc_block.php - Réponse : {"success":false,"message":"Aucune modification effectu\u00e9e ou bloc non trouv\u00e9."}
[2025-04-07 04:49:57] Début de update_bmc_block.php
[2025-04-07 04:49:57] Utilisateur connecté : 7
[2025-04-07 04:49:57] Données reçues - project_id: 124, block_name: Segments de clientèle, content: Les amateurs de cuisine, les personnes cherchant à apprendre à cuisiner, les chefs de cuisine professionnels recherchant de nouvelles recettes, les personnes qui ont des restrictions alimentaires spécifiques
[2025-04-07 04:49:57] Projet vérifié - appartient à l'utilisateur : 7
[2025-04-07 04:49:57] Requête UPDATE exécutée - Lignes affectées : 0
[2025-04-07 04:49:57] Erreur : Aucune modification effectuée ou bloc non trouvé - block_name: Segments de clientèle
[2025-04-07 04:49:57] Fin de update_bmc_block.php - Réponse : {"success":false,"message":"Aucune modification effectu\u00e9e ou bloc non trouv\u00e9."}
[2025-04-07 04:49:58] Début de update_bmc_block.php
[2025-04-07 04:49:58] Utilisateur connecté : 7
[2025-04-07 04:49:58] Données reçues - project_id: 124, block_name: Segments de clientèle, content: Les amateurs de cuisine, les personnes cherchant à apprendre à cuisiner, les chefs de cuisine professionnels recherchant de nouvelles recettes, les personnes qui ont des restrictions alimentaires spécifiques
[2025-04-07 04:49:58] Projet vérifié - appartient à l'utilisateur : 7
[2025-04-07 04:49:58] Requête UPDATE exécutée - Lignes affectées : 0
[2025-04-07 04:49:58] Erreur : Aucune modification effectuée ou bloc non trouvé - block_name: Segments de clientèle
[2025-04-07 04:49:58] Fin de update_bmc_block.php - Réponse : {"success":false,"message":"Aucune modification effectu\u00e9e ou bloc non trouv\u00e9."}
[2025-04-07 04:49:58] Début de update_bmc_block.php
[2025-04-07 04:49:58] Utilisateur connecté : 7
[2025-04-07 04:49:58] Données reçues - project_id: 124, block_name: Segments de clientèle, content: Les amateurs de cuisine, les personnes cherchant à apprendre à cuisiner, les chefs de cuisine professionnels recherchant de nouvelles recettes, les personnes qui ont des restrictions alimentaires spécifiques
[2025-04-07 04:49:58] Projet vérifié - appartient à l'utilisateur : 7
[2025-04-07 04:49:58] Requête UPDATE exécutée - Lignes affectées : 0
[2025-04-07 04:49:58] Erreur : Aucune modification effectuée ou bloc non trouvé - block_name: Segments de clientèle
[2025-04-07 04:49:58] Fin de update_bmc_block.php - Réponse : {"success":false,"message":"Aucune modification effectu\u00e9e ou bloc non trouv\u00e9."}
[2025-04-07 04:49:58] Début de update_bmc_block.php
[2025-04-07 04:49:58] Utilisateur connecté : 7
[2025-04-07 04:49:58] Données reçues - project_id: 124, block_name: Segments de clientèle, content: Les amateurs de cuisine, les personnes cherchant à apprendre à cuisiner, les chefs de cuisine professionnels recherchant de nouvelles recettes, les personnes qui ont des restrictions alimentaires spécifiques
[2025-04-07 04:49:58] Projet vérifié - appartient à l'utilisateur : 7
[2025-04-07 04:49:58] Requête UPDATE exécutée - Lignes affectées : 0
[2025-04-07 04:49:58] Erreur : Aucune modification effectuée ou bloc non trouvé - block_name: Segments de clientèle
[2025-04-07 04:49:58] Fin de update_bmc_block.php - Réponse : {"success":false,"message":"Aucune modification effectu\u00e9e ou bloc non trouv\u00e9."}
[2025-04-07 04:49:58] Début de update_bmc_block.php
[2025-04-07 04:49:58] Utilisateur connecté : 7
[2025-04-07 04:49:58] Données reçues - project_id: 124, block_name: Segments de clientèle, content: Les amateurs de cuisine, les personnes cherchant à apprendre à cuisiner, les chefs de cuisine professionnels recherchant de nouvelles recettes, les personnes qui ont des restrictions alimentaires spécifiques
[2025-04-07 04:49:58] Projet vérifié - appartient à l'utilisateur : 7
[2025-04-07 04:49:58] Requête UPDATE exécutée - Lignes affectées : 0
[2025-04-07 04:49:58] Erreur : Aucune modification effectuée ou bloc non trouvé - block_name: Segments de clientèle
[2025-04-07 04:49:58] Fin de update_bmc_block.php - Réponse : {"success":false,"message":"Aucune modification effectu\u00e9e ou bloc non trouv\u00e9."}
[2025-04-07 04:49:58] Début de update_bmc_block.php
[2025-04-07 04:49:58] Utilisateur connecté : 7
[2025-04-07 04:49:58] Données reçues - project_id: 124, block_name: Segments de clientèle, content: Les amateurs de cuisine, les personnes cherchant à apprendre à cuisiner, les chefs de cuisine professionnels recherchant de nouvelles recettes, les personnes qui ont des restrictions alimentaires spécifiques
[2025-04-07 04:49:58] Projet vérifié - appartient à l'utilisateur : 7
[2025-04-07 04:49:58] Requête UPDATE exécutée - Lignes affectées : 0
[2025-04-07 04:49:58] Erreur : Aucune modification effectuée ou bloc non trouvé - block_name: Segments de clientèle
[2025-04-07 04:49:58] Fin de update_bmc_block.php - Réponse : {"success":false,"message":"Aucune modification effectu\u00e9e ou bloc non trouv\u00e9."}
[2025-04-07 04:49:59] Début de update_bmc_block.php
[2025-04-07 04:49:59] Utilisateur connecté : 7
[2025-04-07 04:49:59] Données reçues - project_id: 124, block_name: Segments de clientèle, content: Les amateurs de cuisine, les personnes cherchant à apprendre à cuisiner, les chefs de cuisine professionnels recherchant de nouvelles recettes, les personnes qui ont des restrictions alimentaires spécifiques
[2025-04-07 04:49:59] Projet vérifié - appartient à l'utilisateur : 7
[2025-04-07 04:49:59] Requête UPDATE exécutée - Lignes affectées : 0
[2025-04-07 04:49:59] Erreur : Aucune modification effectuée ou bloc non trouvé - block_name: Segments de clientèle
[2025-04-07 04:49:59] Fin de update_bmc_block.php - Réponse : {"success":false,"message":"Aucune modification effectu\u00e9e ou bloc non trouv\u00e9."}
[2025-04-07 04:49:59] Début de update_bmc_block.php
[2025-04-07 04:49:59] Utilisateur connecté : 7
[2025-04-07 04:49:59] Données reçues - project_id: 124, block_name: Segments de clientèle, content: Les amateurs de cuisine, les personnes cherchant à apprendre à cuisiner, les chefs de cuisine professionnels recherchant de nouvelles recettes, les personnes qui ont des restrictions alimentaires spécifiques
[2025-04-07 04:49:59] Projet vérifié - appartient à l'utilisateur : 7
[2025-04-07 04:49:59] Requête UPDATE exécutée - Lignes affectées : 0
[2025-04-07 04:49:59] Erreur : Aucune modification effectuée ou bloc non trouvé - block_name: Segments de clientèle
[2025-04-07 04:49:59] Fin de update_bmc_block.php - Réponse : {"success":false,"message":"Aucune modification effectu\u00e9e ou bloc non trouv\u00e9."}
[2025-04-07 04:49:59] Début de update_bmc_block.php
[2025-04-07 04:49:59] Utilisateur connecté : 7
[2025-04-07 04:49:59] Données reçues - project_id: 124, block_name: Segments de clientèle, content: Les amateurs de cuisine, les personnes cherchant à apprendre à cuisiner, les chefs de cuisine professionnels recherchant de nouvelles recettes, les personnes qui ont des restrictions alimentaires spécifiques
[2025-04-07 04:49:59] Projet vérifié - appartient à l'utilisateur : 7
[2025-04-07 04:49:59] Requête UPDATE exécutée - Lignes affectées : 0
[2025-04-07 04:49:59] Erreur : Aucune modification effectuée ou bloc non trouvé - block_name: Segments de clientèle
[2025-04-07 04:49:59] Fin de update_bmc_block.php - Réponse : {"success":false,"message":"Aucune modification effectu\u00e9e ou bloc non trouv\u00e9."}
[2025-04-07 04:50:05] Début de update_bmc_block.php
[2025-04-07 04:50:05] Utilisateur connecté : 7
[2025-04-07 04:50:05] Données reçues - project_id: 124, block_name: Segments de clientèle, content: Les amateurs de cuisine, les personnes cherchant à apprendre à cuisiner, les chefs de cuisine professionnels recherchant de nouvelles recettes, les personnes qui ont des restrictions alimentaires spécifiques
[2025-04-07 04:50:05] Projet vérifié - appartient à l'utilisateur : 7
[2025-04-07 04:50:05] Requête UPDATE exécutée - Lignes affectées : 0
[2025-04-07 04:50:05] Erreur : Aucune modification effectuée ou bloc non trouvé - block_name: Segments de clientèle
[2025-04-07 04:50:05] Fin de update_bmc_block.php - Réponse : {"success":false,"message":"Aucune modification effectu\u00e9e ou bloc non trouv\u00e9."}
[2025-04-07 04:50:06] Début de update_bmc_block.php
[2025-04-07 04:50:06] Utilisateur connecté : 7
[2025-04-07 04:50:06] Données reçues - project_id: 124, block_name: Segments de clientèle, content: Les amateurs de cuisine, les personnes cherchant à apprendre à cuisiner, les chefs de cuisine professionnels recherchant de nouvelles recettes, les personnes qui ont des restrictions alimentaires spécifiques
[2025-04-07 04:50:06] Projet vérifié - appartient à l'utilisateur : 7
[2025-04-07 04:50:06] Requête UPDATE exécutée - Lignes affectées : 0
[2025-04-07 04:50:06] Erreur : Aucune modification effectuée ou bloc non trouvé - block_name: Segments de clientèle
[2025-04-07 04:50:06] Fin de update_bmc_block.php - Réponse : {"success":false,"message":"Aucune modification effectu\u00e9e ou bloc non trouv\u00e9."}
[2025-04-07 04:50:06] Début de update_bmc_block.php
[2025-04-07 04:50:06] Utilisateur connecté : 7
[2025-04-07 04:50:06] Données reçues - project_id: 124, block_name: Segments de clientèle, content: Les amateurs de cuisine, les personnes cherchant à apprendre à cuisiner, les chefs de cuisine professionnels recherchant de nouvelles recettes, les personnes qui ont des restrictions alimentaires spécifiques
[2025-04-07 04:50:06] Projet vérifié - appartient à l'utilisateur : 7
[2025-04-07 04:50:06] Requête UPDATE exécutée - Lignes affectées : 0
[2025-04-07 04:50:06] Erreur : Aucune modification effectuée ou bloc non trouvé - block_name: Segments de clientèle
[2025-04-07 04:50:06] Fin de update_bmc_block.php - Réponse : {"success":false,"message":"Aucune modification effectu\u00e9e ou bloc non trouv\u00e9."}
[2025-04-07 04:50:06] Début de update_bmc_block.php
[2025-04-07 04:50:06] Utilisateur connecté : 7
[2025-04-07 04:50:06] Données reçues - project_id: 124, block_name: Segments de clientèle, content: Les amateurs de cuisine, les personnes cherchant à apprendre à cuisiner, les chefs de cuisine professionnels recherchant de nouvelles recettes, les personnes qui ont des restrictions alimentaires spécifiques
[2025-04-07 04:50:06] Projet vérifié - appartient à l'utilisateur : 7
[2025-04-07 04:50:06] Requête UPDATE exécutée - Lignes affectées : 0
[2025-04-07 04:50:06] Erreur : Aucune modification effectuée ou bloc non trouvé - block_name: Segments de clientèle
[2025-04-07 04:50:06] Fin de update_bmc_block.php - Réponse : {"success":false,"message":"Aucune modification effectu\u00e9e ou bloc non trouv\u00e9."}
[2025-04-07 04:50:06] Début de update_bmc_block.php
[2025-04-07 04:50:06] Utilisateur connecté : 7
[2025-04-07 04:50:06] Données reçues - project_id: 124, block_name: Segments de clientèle, content: Les amateurs de cuisine, les personnes cherchant à apprendre à cuisiner, les chefs de cuisine professionnels recherchant de nouvelles recettes, les personnes qui ont des restrictions alimentaires spécifiques
[2025-04-07 04:50:06] Projet vérifié - appartient à l'utilisateur : 7
[2025-04-07 04:50:06] Requête UPDATE exécutée - Lignes affectées : 0
[2025-04-07 04:50:06] Erreur : Aucune modification effectuée ou bloc non trouvé - block_name: Segments de clientèle
[2025-04-07 04:50:06] Fin de update_bmc_block.php - Réponse : {"success":false,"message":"Aucune modification effectu\u00e9e ou bloc non trouv\u00e9."}
[2025-04-07 04:50:06] Début de update_bmc_block.php
[2025-04-07 04:50:06] Utilisateur connecté : 7
[2025-04-07 04:50:06] Données reçues - project_id: 124, block_name: Segments de clientèle, content: Les amateurs de cuisine, les personnes cherchant à apprendre à cuisiner, les chefs de cuisine professionnels recherchant de nouvelles recettes, les personnes qui ont des restrictions alimentaires spécifiques
[2025-04-07 04:50:06] Projet vérifié - appartient à l'utilisateur : 7
[2025-04-07 04:50:06] Requête UPDATE exécutée - Lignes affectées : 0
[2025-04-07 04:50:06] Erreur : Aucune modification effectuée ou bloc non trouvé - block_name: Segments de clientèle
[2025-04-07 04:50:06] Fin de update_bmc_block.php - Réponse : {"success":false,"message":"Aucune modification effectu\u00e9e ou bloc non trouv\u00e9."}
[2025-04-07 04:50:11] Début de update_bmc_block.php
[2025-04-07 04:50:11] Utilisateur connecté : 7
[2025-04-07 04:50:11] Données reçues - project_id: 124, block_name: Segments de clientèle, content: Les amateurs de cuisine, les personnes cherchant à apprendre à cuisiner, les chefs de cuisine professionnels recherchant de nouvelles recettes, les personnes qui ont des restrictions alimentaires spécifiques
[2025-04-07 04:50:11] Projet vérifié - appartient à l'utilisateur : 7
[2025-04-07 04:50:11] Requête UPDATE exécutée - Lignes affectées : 0
[2025-04-07 04:50:11] Erreur : Aucune modification effectuée ou bloc non trouvé - block_name: Segments de clientèle
[2025-04-07 04:50:11] Fin de update_bmc_block.php - Réponse : {"success":false,"message":"Aucune modification effectu\u00e9e ou bloc non trouv\u00e9."}
[2025-04-07 04:50:12] Début de update_bmc_block.php
[2025-04-07 04:50:12] Utilisateur connecté : 7
[2025-04-07 04:50:12] Données reçues - project_id: 124, block_name: Segments de clientèle, content: Les amateurs de cuisine, les personnes cherchant à apprendre à cuisiner, les chefs de cuisine professionnels recherchant de nouvelles recettes, les personnes qui ont des restrictions alimentaires spécifiques
[2025-04-07 04:50:12] Projet vérifié - appartient à l'utilisateur : 7
[2025-04-07 04:50:12] Requête UPDATE exécutée - Lignes affectées : 0
[2025-04-07 04:50:12] Erreur : Aucune modification effectuée ou bloc non trouvé - block_name: Segments de clientèle
[2025-04-07 04:50:12] Fin de update_bmc_block.php - Réponse : {"success":false,"message":"Aucune modification effectu\u00e9e ou bloc non trouv\u00e9."}
[2025-04-07 04:50:12] Début de update_bmc_block.php
[2025-04-07 04:50:12] Utilisateur connecté : 7
[2025-04-07 04:50:12] Données reçues - project_id: 124, block_name: Segments de clientèle, content: Les amateurs de cuisine, les personnes cherchant à apprendre à cuisiner, les chefs de cuisine professionnels recherchant de nouvelles recettes, les personnes qui ont des restrictions alimentaires spécifiques
[2025-04-07 04:50:12] Projet vérifié - appartient à l'utilisateur : 7
[2025-04-07 04:50:12] Requête UPDATE exécutée - Lignes affectées : 0
[2025-04-07 04:50:12] Erreur : Aucune modification effectuée ou bloc non trouvé - block_name: Segments de clientèle
[2025-04-07 04:50:12] Fin de update_bmc_block.php - Réponse : {"success":false,"message":"Aucune modification effectu\u00e9e ou bloc non trouv\u00e9."}
[2025-04-07 04:57:25] Début de update_bmc_block.php
[2025-04-07 04:57:25] Utilisateur connecté : 7
[2025-04-07 04:57:25] Données reçues - project_id: 128, block_name: Ressources clés, content: Les ressources clés comprennent l'équipe de développement de l'application, les chefs / experts culinaires pour la curation du contenu des recettes, et l'infrastructure de l'IT pour le support de l'application.
[2025-04-07 04:57:25] Projet vérifié - appartient à l'utilisateur : 7
[2025-04-07 04:57:25] Requête UPDATE exécutée - Lignes affectées : 0
[2025-04-07 04:57:25] Erreur : Aucune modification effectuée ou bloc non trouvé - block_name: Ressources clés
[2025-04-07 04:57:25] Fin de update_bmc_block.php - Réponse : {"success":false,"message":"Aucune modification effectu\u00e9e ou bloc non trouv\u00e9."}
[2025-04-07 04:57:26] Début de update_bmc_block.php
[2025-04-07 04:57:26] Utilisateur connecté : 7
[2025-04-07 04:57:26] Données reçues - project_id: 128, block_name: Ressources clés, content: Les ressources clés comprennent l'équipe de développement de l'application, les chefs / experts culinaires pour la curation du contenu des recettes, et l'infrastructure de l'IT pour le support de l'application.
[2025-04-07 04:57:26] Projet vérifié - appartient à l'utilisateur : 7
[2025-04-07 04:57:26] Requête UPDATE exécutée - Lignes affectées : 0
[2025-04-07 04:57:26] Erreur : Aucune modification effectuée ou bloc non trouvé - block_name: Ressources clés
[2025-04-07 04:57:26] Fin de update_bmc_block.php - Réponse : {"success":false,"message":"Aucune modification effectu\u00e9e ou bloc non trouv\u00e9."}
[2025-04-07 04:57:26] Début de update_bmc_block.php
[2025-04-07 04:57:26] Utilisateur connecté : 7
[2025-04-07 04:57:26] Données reçues - project_id: 128, block_name: Ressources clés, content: Les ressources clés comprennent l'équipe de développement de l'application, les chefs / experts culinaires pour la curation du contenu des recettes, et l'infrastructure de l'IT pour le support de l'application.
[2025-04-07 04:57:26] Projet vérifié - appartient à l'utilisateur : 7
[2025-04-07 04:57:26] Requête UPDATE exécutée - Lignes affectées : 0
[2025-04-07 04:57:26] Erreur : Aucune modification effectuée ou bloc non trouvé - block_name: Ressources clés
[2025-04-07 04:57:26] Fin de update_bmc_block.php - Réponse : {"success":false,"message":"Aucune modification effectu\u00e9e ou bloc non trouv\u00e9."}
[2025-04-07 04:57:27] Début de update_bmc_block.php
[2025-04-07 04:57:27] Utilisateur connecté : 7
[2025-04-07 04:57:27] Données reçues - project_id: 128, block_name: Ressources clés, content: Les ressources clés comprennent l'équipe de développement de l'application, les chefs / experts culinaires pour la curation du contenu des recettes, et l'infrastructure de l'IT pour le support de l'application.
[2025-04-07 04:57:27] Projet vérifié - appartient à l'utilisateur : 7
[2025-04-07 04:57:27] Requête UPDATE exécutée - Lignes affectées : 0
[2025-04-07 04:57:27] Erreur : Aucune modification effectuée ou bloc non trouvé - block_name: Ressources clés
[2025-04-07 04:57:27] Fin de update_bmc_block.php - Réponse : {"success":false,"message":"Aucune modification effectu\u00e9e ou bloc non trouv\u00e9."}
[2025-04-07 04:57:27] Début de update_bmc_block.php
[2025-04-07 04:57:27] Utilisateur connecté : 7
[2025-04-07 04:57:27] Données reçues - project_id: 128, block_name: Ressources clés, content: Les ressources clés comprennent l'équipe de développement de l'application, les chefs / experts culinaires pour la curation du contenu des recettes, et l'infrastructure de l'IT pour le support de l'application.
[2025-04-07 04:57:27] Projet vérifié - appartient à l'utilisateur : 7
[2025-04-07 04:57:27] Requête UPDATE exécutée - Lignes affectées : 0
[2025-04-07 04:57:27] Erreur : Aucune modification effectuée ou bloc non trouvé - block_name: Ressources clés
[2025-04-07 04:57:27] Fin de update_bmc_block.php - Réponse : {"success":false,"message":"Aucune modification effectu\u00e9e ou bloc non trouv\u00e9."}
[2025-04-07 04:57:28] Début de update_bmc_block.php
[2025-04-07 04:57:28] Utilisateur connecté : 7
[2025-04-07 04:57:28] Données reçues - project_id: 128, block_name: Ressources clés, content: Les ressources clés comprennent l'équipe de développement de l'application, les chefs / experts culinaires pour la curation du contenu des recettes, et l'infrastructure de l'IT pour le support de l'application.
[2025-04-07 04:57:28] Projet vérifié - appartient à l'utilisateur : 7
[2025-04-07 04:57:28] Requête UPDATE exécutée - Lignes affectées : 0
[2025-04-07 04:57:28] Erreur : Aucune modification effectuée ou bloc non trouvé - block_name: Ressources clés
[2025-04-07 04:57:28] Fin de update_bmc_block.php - Réponse : {"success":false,"message":"Aucune modification effectu\u00e9e ou bloc non trouv\u00e9."}
[2025-04-07 04:57:28] Début de update_bmc_block.php
[2025-04-07 04:57:28] Utilisateur connecté : 7
[2025-04-07 04:57:28] Données reçues - project_id: 128, block_name: Ressources clés, content: Les ressources clés comprennent l'équipe de développement de l'application, les chefs / experts culinaires pour la curation du contenu des recettes, et l'infrastructure de l'IT pour le support de l'application.
[2025-04-07 04:57:28] Projet vérifié - appartient à l'utilisateur : 7
[2025-04-07 04:57:28] Requête UPDATE exécutée - Lignes affectées : 0
[2025-04-07 04:57:28] Erreur : Aucune modification effectuée ou bloc non trouvé - block_name: Ressources clés
[2025-04-07 04:57:28] Fin de update_bmc_block.php - Réponse : {"success":false,"message":"Aucune modification effectu\u00e9e ou bloc non trouv\u00e9."}
[2025-04-07 04:57:28] Début de update_bmc_block.php
[2025-04-07 04:57:28] Utilisateur connecté : 7
[2025-04-07 04:57:28] Données reçues - project_id: 128, block_name: Ressources clés, content: Les ressources clés comprennent l'équipe de développement de l'application, les chefs / experts culinaires pour la curation du contenu des recettes, et l'infrastructure de l'IT pour le support de l'application.
[2025-04-07 04:57:28] Projet vérifié - appartient à l'utilisateur : 7
[2025-04-07 04:57:28] Requête UPDATE exécutée - Lignes affectées : 0
[2025-04-07 04:57:28] Erreur : Aucune modification effectuée ou bloc non trouvé - block_name: Ressources clés
[2025-04-07 04:57:28] Fin de update_bmc_block.php - Réponse : {"success":false,"message":"Aucune modification effectu\u00e9e ou bloc non trouv\u00e9."}
[2025-04-07 04:57:28] Début de update_bmc_block.php
[2025-04-07 04:57:28] Utilisateur connecté : 7
[2025-04-07 04:57:28] Données reçues - project_id: 128, block_name: Ressources clés, content: Les ressources clés comprennent l'équipe de développement de l'application, les chefs / experts culinaires pour la curation du contenu des recettes, et l'infrastructure de l'IT pour le support de l'application.
[2025-04-07 04:57:28] Projet vérifié - appartient à l'utilisateur : 7
[2025-04-07 04:57:28] Requête UPDATE exécutée - Lignes affectées : 0
[2025-04-07 04:57:28] Erreur : Aucune modification effectuée ou bloc non trouvé - block_name: Ressources clés
[2025-04-07 04:57:28] Fin de update_bmc_block.php - Réponse : {"success":false,"message":"Aucune modification effectu\u00e9e ou bloc non trouv\u00e9."}
[2025-04-07 04:57:33] Début de update_bmc_block.php
[2025-04-07 04:57:33] Utilisateur connecté : 7
[2025-04-07 04:57:33] Données reçues - project_id: 128, block_name: Ressources clés, content: Les ressources clés comprennent l'équipe de développement de l'application, les chefs / experts culinaires pour la curation du contenu des recettes, et l'infrastructure de l'IT pour le support de l'application
[2025-04-07 04:57:33] Projet vérifié - appartient à l'utilisateur : 7
[2025-04-07 04:57:33] Requête UPDATE exécutée - Lignes affectées : 1
[2025-04-07 04:57:33] Succès : Bloc mis à jour - block_name: Ressources clés
[2025-04-07 04:57:33] Fin de update_bmc_block.php - Réponse : {"success":true,"message":"Bloc mis \u00e0 jour avec succ\u00e8s."}
[2025-04-07 04:57:34] Début de update_bmc_block.php
[2025-04-07 04:57:34] Utilisateur connecté : 7
[2025-04-07 04:57:34] Données reçues - project_id: 128, block_name: Ressources clés, content: Les ressources clés comprennent l'équipe de développement de l'application, les chefs / experts culinaires pour la curation du contenu des recettes, et l'infrastructure de l'IT pour le support de l'application
[2025-04-07 04:57:34] Projet vérifié - appartient à l'utilisateur : 7
[2025-04-07 04:57:34] Requête UPDATE exécutée - Lignes affectées : 0
[2025-04-07 04:57:34] Erreur : Aucune modification effectuée ou bloc non trouvé - block_name: Ressources clés
[2025-04-07 04:57:34] Fin de update_bmc_block.php - Réponse : {"success":false,"message":"Aucune modification effectu\u00e9e ou bloc non trouv\u00e9."}
[2025-04-07 04:57:35] Début de update_bmc_block.php
[2025-04-07 04:57:35] Utilisateur connecté : 7
[2025-04-07 04:57:35] Données reçues - project_id: 128, block_name: Ressources clés, content: Les ressources clés comprennent l'équipe de développement de l'application, les chefs / experts culinaires pour la curation du contenu des recettes, et l'infrastructure de l'IT pour le support de l'application
[2025-04-07 04:57:35] Projet vérifié - appartient à l'utilisateur : 7
[2025-04-07 04:57:35] Requête UPDATE exécutée - Lignes affectées : 0
[2025-04-07 04:57:35] Erreur : Aucune modification effectuée ou bloc non trouvé - block_name: Ressources clés
[2025-04-07 04:57:35] Fin de update_bmc_block.php - Réponse : {"success":false,"message":"Aucune modification effectu\u00e9e ou bloc non trouv\u00e9."}
[2025-04-07 04:57:37] Début de update_bmc_block.php
[2025-04-07 04:57:37] Utilisateur connecté : 7
[2025-04-07 04:57:37] Données reçues - project_id: 128, block_name: Ressources clés, content: Les ressources clés comprennent l'équipe de développement de l'application, les chefs / experts culinaires pour la curation du contenu des recettes, et l'infrastructure de l'IT pour le support de l'application
[2025-04-07 04:57:37] Projet vérifié - appartient à l'utilisateur : 7
[2025-04-07 04:57:37] Requête UPDATE exécutée - Lignes affectées : 0
[2025-04-07 04:57:37] Erreur : Aucune modification effectuée ou bloc non trouvé - block_name: Ressources clés
[2025-04-07 04:57:37] Fin de update_bmc_block.php - Réponse : {"success":false,"message":"Aucune modification effectu\u00e9e ou bloc non trouv\u00e9."}
[2025-04-07 05:00:00] Début de update_bmc_block.php
[2025-04-07 05:00:00] Utilisateur connecté : 7
[2025-04-07 05:00:00] Données reçues - project_id: 129, block_name: Ressources clés, content: Une équipe de développeurs pour construire et maintenir l'application, des créateurs de contenu pour fournir de nouvelles recettes et améliorer les existantes, une équipe de marketing pour promouvoir l'application.
[2025-04-07 05:00:00] Projet vérifié - appartient à l'utilisateur : 7
[2025-04-07 05:00:00] Requête UPDATE exécutée - Lignes affectées : 0
[2025-04-07 05:00:00] Erreur : Aucune modification effectuée ou bloc non trouvé - block_name: Ressources clés
[2025-04-07 05:00:00] Fin de update_bmc_block.php - Réponse : {"success":false,"message":"Aucune modification effectu\u00e9e ou bloc non trouv\u00e9."}
[2025-04-07 05:00:01] Début de update_bmc_block.php
[2025-04-07 05:00:01] Utilisateur connecté : 7
[2025-04-07 05:00:01] Données reçues - project_id: 129, block_name: Ressources clés, content: Une équipe de développeurs pour construire et maintenir l'application, des créateurs de contenu pour fournir de nouvelles recettes et améliorer les existantes, une équipe de marketing pour promouvoir l'application.
[2025-04-07 05:00:01] Projet vérifié - appartient à l'utilisateur : 7
[2025-04-07 05:00:01] Requête UPDATE exécutée - Lignes affectées : 0
[2025-04-07 05:00:01] Erreur : Aucune modification effectuée ou bloc non trouvé - block_name: Ressources clés
[2025-04-07 05:00:01] Fin de update_bmc_block.php - Réponse : {"success":false,"message":"Aucune modification effectu\u00e9e ou bloc non trouv\u00e9."}
[2025-04-07 05:00:01] Début de update_bmc_block.php
[2025-04-07 05:00:01] Utilisateur connecté : 7
[2025-04-07 05:00:01] Données reçues - project_id: 129, block_name: Ressources clés, content: Une équipe de développeurs pour construire et maintenir l'application, des créateurs de contenu pour fournir de nouvelles recettes et améliorer les existantes, une équipe de marketing pour promouvoir l'application.
[2025-04-07 05:00:01] Projet vérifié - appartient à l'utilisateur : 7
[2025-04-07 05:00:01] Requête UPDATE exécutée - Lignes affectées : 0
[2025-04-07 05:00:01] Erreur : Aucune modification effectuée ou bloc non trouvé - block_name: Ressources clés
[2025-04-07 05:00:01] Fin de update_bmc_block.php - Réponse : {"success":false,"message":"Aucune modification effectu\u00e9e ou bloc non trouv\u00e9."}
[2025-04-07 05:00:01] Début de update_bmc_block.php
[2025-04-07 05:00:01] Utilisateur connecté : 7
[2025-04-07 05:00:01] Données reçues - project_id: 129, block_name: Ressources clés, content: Une équipe de développeurs pour construire et maintenir l'application, des créateurs de contenu pour fournir de nouvelles recettes et améliorer les existantes, une équipe de marketing pour promouvoir l'application.
[2025-04-07 05:00:01] Projet vérifié - appartient à l'utilisateur : 7
[2025-04-07 05:00:01] Requête UPDATE exécutée - Lignes affectées : 0
[2025-04-07 05:00:01] Erreur : Aucune modification effectuée ou bloc non trouvé - block_name: Ressources clés
[2025-04-07 05:00:01] Fin de update_bmc_block.php - Réponse : {"success":false,"message":"Aucune modification effectu\u00e9e ou bloc non trouv\u00e9."}
[2025-04-07 05:00:01] Début de update_bmc_block.php
[2025-04-07 05:00:01] Utilisateur connecté : 7
[2025-04-07 05:00:01] Données reçues - project_id: 129, block_name: Ressources clés, content: Une équipe de développeurs pour construire et maintenir l'application, des créateurs de contenu pour fournir de nouvelles recettes et améliorer les existantes, une équipe de marketing pour promouvoir l'application.
[2025-04-07 05:00:01] Projet vérifié - appartient à l'utilisateur : 7
[2025-04-07 05:00:01] Requête UPDATE exécutée - Lignes affectées : 0
[2025-04-07 05:00:01] Erreur : Aucune modification effectuée ou bloc non trouvé - block_name: Ressources clés
[2025-04-07 05:00:01] Fin de update_bmc_block.php - Réponse : {"success":false,"message":"Aucune modification effectu\u00e9e ou bloc non trouv\u00e9."}
[2025-04-07 05:00:02] Début de update_bmc_block.php
[2025-04-07 05:00:02] Utilisateur connecté : 7
[2025-04-07 05:00:02] Données reçues - project_id: 129, block_name: Ressources clés, content: Une équipe de développeurs pour construire et maintenir l'application, des créateurs de contenu pour fournir de nouvelles recettes et améliorer les existantes, une équipe de marketing pour promouvoir l'application.
[2025-04-07 05:00:02] Projet vérifié - appartient à l'utilisateur : 7
[2025-04-07 05:00:02] Requête UPDATE exécutée - Lignes affectées : 0
[2025-04-07 05:00:02] Erreur : Aucune modification effectuée ou bloc non trouvé - block_name: Ressources clés
[2025-04-07 05:00:02] Fin de update_bmc_block.php - Réponse : {"success":false,"message":"Aucune modification effectu\u00e9e ou bloc non trouv\u00e9."}
[2025-04-07 05:00:05] Début de update_bmc_block.php
[2025-04-07 05:00:05] Utilisateur connecté : 7
[2025-04-07 05:00:05] Données reçues - project_id: 129, block_name: Ressources clés, content: Une équipe de développeurs pour construire et maintenir l'application, des créateurs de contenu pour fournir de nouvelles recettes et améliorer les existantes, une équipe de marketing pour promouvoir l'application
[2025-04-07 05:00:05] Projet vérifié - appartient à l'utilisateur : 7
[2025-04-07 05:00:05] Requête UPDATE exécutée - Lignes affectées : 1
[2025-04-07 05:00:05] Succès : Bloc mis à jour - block_name: Ressources clés
[2025-04-07 05:00:05] Fin de update_bmc_block.php - Réponse : {"success":true,"message":"Bloc mis \u00e0 jour avec succ\u00e8s."}
[2025-04-07 05:00:05] Début de update_bmc_block.php
[2025-04-07 05:00:05] Utilisateur connecté : 7
[2025-04-07 05:00:05] Données reçues - project_id: 129, block_name: Ressources clés, content: Une équipe de développeurs pour construire et maintenir l'application, des créateurs de contenu pour fournir de nouvelles recettes et améliorer les existantes, une équipe de marketing pour promouvoir l'application
[2025-04-07 05:00:05] Projet vérifié - appartient à l'utilisateur : 7
[2025-04-07 05:00:05] Requête UPDATE exécutée - Lignes affectées : 0
[2025-04-07 05:00:05] Erreur : Aucune modification effectuée ou bloc non trouvé - block_name: Ressources clés
[2025-04-07 05:00:05] Fin de update_bmc_block.php - Réponse : {"success":false,"message":"Aucune modification effectu\u00e9e ou bloc non trouv\u00e9."}
[2025-04-07 05:00:05] Début de update_bmc_block.php
[2025-04-07 05:00:05] Utilisateur connecté : 7
[2025-04-07 05:00:05] Données reçues - project_id: 129, block_name: Ressources clés, content: Une équipe de développeurs pour construire et maintenir l'application, des créateurs de contenu pour fournir de nouvelles recettes et améliorer les existantes, une équipe de marketing pour promouvoir l'application
[2025-04-07 05:00:05] Projet vérifié - appartient à l'utilisateur : 7
[2025-04-07 05:00:05] Requête UPDATE exécutée - Lignes affectées : 0
[2025-04-07 05:00:05] Erreur : Aucune modification effectuée ou bloc non trouvé - block_name: Ressources clés
[2025-04-07 05:00:05] Fin de update_bmc_block.php - Réponse : {"success":false,"message":"Aucune modification effectu\u00e9e ou bloc non trouv\u00e9."}
[2025-04-07 05:37:57] Début de update_bmc_block.php
[2025-04-07 05:37:57] Utilisateur connecté : 7
[2025-04-07 05:37:57] Données reçues - project_id: 138, block_name: ressources_cles, content: Notre équipe de planificateurs d'événements expérimentés est notre ressource clé. De plus, nous avons besoin d'un réseau de fournisseurs de services de qualité (lieux, traiteurs, décorateurs, animateurs) et d'une plateforme en ligne performante pour promouvoir nos services et interagir avec les clients.
[2025-04-07 05:37:57] Projet vérifié - appartient à l'utilisateur : 7
[2025-04-07 05:37:57] Requête UPDATE exécutée - Lignes affectées : 0
[2025-04-07 05:37:57] Erreur : Aucune modification effectuée ou bloc non trouvé - block_name: ressources_cles
[2025-04-07 05:37:57] Fin de update_bmc_block.php - Réponse : {"success":false,"message":"Aucune modification effectu\u00e9e ou bloc non trouv\u00e9."}
[2025-04-07 05:38:05] Début de update_bmc_block.php
[2025-04-07 05:38:05] Utilisateur connecté : 7
[2025-04-07 05:38:05] Données reçues - project_id: 138, block_name: ressources_cles, content: Notre équipe de planificateurs d'événements expérimentés est notre ressource clé. De plus, nous avons besoin d'un réseau de fournisseurs de services de qualité (lieux, traiteurs, décorateurs, animateurs) et d'une plateforme en lperformante pour promouvoir nos services et interagir avec les clients.
[2025-04-07 05:38:05] Projet vérifié - appartient à l'utilisateur : 7
[2025-04-07 05:38:05] Requête UPDATE exécutée - Lignes affectées : 1
[2025-04-07 05:38:05] Succès : Bloc mis à jour - block_name: ressources_cles
[2025-04-07 05:38:05] Fin de update_bmc_block.php - Réponse : {"success":true,"message":"Bloc mis \u00e0 jour avec succ\u00e8s."}
